# JRE version: OpenJDK Runtime Environment Temurin-21.0.8+9 (21.0.8+9) (build 21.0.8+9-LTS)
# Java VM: OpenJDK 64-Bit Server VM Temurin-21.0.8+9 (21.0.8+9-LTS, mixed mode, sharing, tiered, compressed oops, compressed class ptrs, parallel gc, windows-amd64)
GC Precious Log:
 CardTable entry size: 512
 CPUs: 16 total, 16 available
 Memory: 16108M
 Large Page Support: Disabled
 NUMA Support: Disabled
 Compressed Oops: Enabled (32-bit)
 Alignments: Space 512K, Generation 512K, Heap 2M
 Heap Min Capacity: 100M
 Heap Initial Capacity: 100M
 Heap Max Capacity: 2G
 Pre-touch: Disabled
 Parallel Workers: 13
Heap:
 PSYoungGen      total 24064K, used 13753K [0x00000000d5580000, 0x00000000d7280000, 0x0000000100000000)
  eden space 22016K, 62% used [0x00000000d5580000,0x00000000d62ee798,0x00000000d6b00000)
  from space 2048K, 0% used [0x00000000d6f80000,0x00000000d6f80000,0x00000000d7180000)
  to   space 1024K, 0% used [0x00000000d7180000,0x00000000d7180000,0x00000000d7280000)
 ParOldGen       total 68608K, used 18851K [0x0000000080000000, 0x0000000084300000, 0x00000000d5580000)
  object space 68608K, 27% used [0x0000000080000000,0x0000000081268c88,0x0000000084300000)
 Metaspace       used 36880K, committed 37952K, reserved 1114112K
  class space    used 3820K, committed 4288K, reserved 1048576K
GC Heap History (20 events):
Event: 2.630 GC heap before
{Heap before GC invocations=6 (full 0):
 PSYoungGen      total 29184K, used 29157K [0x00000000d5580000, 0x00000000d7a00000, 0x0000000100000000)
  eden space 25088K, 100% used [0x00000000d5580000,0x00000000d6e00000,0x00000000d6e00000)
  from space 4096K, 99% used [0x00000000d6e80000,0x00000000d7279730,0x00000000d7280000)
  to   space 6144K, 0% used [0x00000000d7400000,0x00000000d7400000,0x00000000d7a00000)
 ParOldGen       total 68608K, used 7656K [0x0000000080000000, 0x0000000084300000, 0x00000000d5580000)
  object space 68608K, 11% used [0x0000000080000000,0x000000008077a180,0x0000000084300000)
 Metaspace       used 18180K, committed 18880K, reserved 1114112K
  class space    used 1905K, committed 2240K, reserved 1048576K
}
Event: 2.632 GC heap after
{Heap after GC invocations=6 (full 0):
 PSYoungGen      total 29184K, used 4441K [0x00000000d5580000, 0x00000000d7880000, 0x0000000100000000)
  eden space 24576K, 0% used [0x00000000d5580000,0x00000000d5580000,0x00000000d6d80000)
  from space 4608K, 96% used [0x00000000d7400000,0x00000000d78567a0,0x00000000d7880000)
  to   space 5120K, 0% used [0x00000000d6e80000,0x00000000d6e80000,0x00000000d7380000)
 ParOldGen       total 68608K, used 7664K [0x0000000080000000, 0x0000000084300000, 0x00000000d5580000)
  object space 68608K, 11% used [0x0000000080000000,0x000000008077c180,0x0000000084300000)
 Metaspace       used 18180K, committed 18880K, reserved 1114112K
  class space    used 1905K, committed 2240K, reserved 1048576K
}
Event: 2.824 GC heap before
{Heap before GC invocations=7 (full 0):
 PSYoungGen      total 29184K, used 29017K [0x00000000d5580000, 0x00000000d7880000, 0x0000000100000000)
  eden space 24576K, 100% used [0x00000000d5580000,0x00000000d6d80000,0x00000000d6d80000)
  from space 4608K, 96% used [0x00000000d7400000,0x00000000d78567a0,0x00000000d7880000)
  to   space 5120K, 0% used [0x00000000d6e80000,0x00000000d6e80000,0x00000000d7380000)
 ParOldGen       total 68608K, used 7664K [0x0000000080000000, 0x0000000084300000, 0x00000000d5580000)
  object space 68608K, 11% used [0x0000000080000000,0x000000008077c180,0x0000000084300000)
 Metaspace       used 20637K, committed 21376K, reserved 1114112K
  class space    used 2132K, committed 2432K, reserved 1048576K
}
Event: 2.827 GC heap after
{Heap after GC invocations=7 (full 0):
 PSYoungGen      total 29184K, used 5118K [0x00000000d5580000, 0x00000000d7d00000, 0x0000000100000000)
  eden space 24064K, 0% used [0x00000000d5580000,0x00000000d5580000,0x00000000d6d00000)
  from space 5120K, 99% used [0x00000000d6e80000,0x00000000d737f978,0x00000000d7380000)
  to   space 8192K, 0% used [0x00000000d7500000,0x00000000d7500000,0x00000000d7d00000)
 ParOldGen       total 68608K, used 9919K [0x0000000080000000, 0x0000000084300000, 0x00000000d5580000)
  object space 68608K, 14% used [0x0000000080000000,0x00000000809afe10,0x0000000084300000)
 Metaspace       used 20637K, committed 21376K, reserved 1114112K
  class space    used 2132K, committed 2432K, reserved 1048576K
}
Event: 2.839 GC heap before
{Heap before GC invocations=8 (full 0):
 PSYoungGen      total 29184K, used 9858K [0x00000000d5580000, 0x00000000d7d00000, 0x0000000100000000)
  eden space 24064K, 19% used [0x00000000d5580000,0x00000000d5a21178,0x00000000d6d00000)
  from space 5120K, 99% used [0x00000000d6e80000,0x00000000d737f978,0x00000000d7380000)
  to   space 8192K, 0% used [0x00000000d7500000,0x00000000d7500000,0x00000000d7d00000)
 ParOldGen       total 68608K, used 9919K [0x0000000080000000, 0x0000000084300000, 0x00000000d5580000)
  object space 68608K, 14% used [0x0000000080000000,0x00000000809afe10,0x0000000084300000)
 Metaspace       used 20808K, committed 21504K, reserved 1114112K
  class space    used 2134K, committed 2432K, reserved 1048576K
}
Event: 2.841 GC heap after
{Heap after GC invocations=8 (full 0):
 PSYoungGen      total 29696K, used 5204K [0x00000000d5580000, 0x00000000d7a80000, 0x0000000100000000)
  eden space 24064K, 0% used [0x00000000d5580000,0x00000000d5580000,0x00000000d6d00000)
  from space 5632K, 92% used [0x00000000d7500000,0x00000000d7a15128,0x00000000d7a80000)
  to   space 6144K, 0% used [0x00000000d6e80000,0x00000000d6e80000,0x00000000d7480000)
 ParOldGen       total 68608K, used 10825K [0x0000000080000000, 0x0000000084300000, 0x00000000d5580000)
  object space 68608K, 15% used [0x0000000080000000,0x0000000080a925f8,0x0000000084300000)
 Metaspace       used 20808K, committed 21504K, reserved 1114112K
  class space    used 2134K, committed 2432K, reserved 1048576K
}
Event: 2.841 GC heap before
{Heap before GC invocations=9 (full 1):
 PSYoungGen      total 29696K, used 5204K [0x00000000d5580000, 0x00000000d7a80000, 0x0000000100000000)
  eden space 24064K, 0% used [0x00000000d5580000,0x00000000d5580000,0x00000000d6d00000)
  from space 5632K, 92% used [0x00000000d7500000,0x00000000d7a15128,0x00000000d7a80000)
  to   space 6144K, 0% used [0x00000000d6e80000,0x00000000d6e80000,0x00000000d7480000)
 ParOldGen       total 68608K, used 10825K [0x0000000080000000, 0x0000000084300000, 0x00000000d5580000)
  object space 68608K, 15% used [0x0000000080000000,0x0000000080a925f8,0x0000000084300000)
 Metaspace       used 20808K, committed 21504K, reserved 1114112K
  class space    used 2134K, committed 2432K, reserved 1048576K
}
Event: 2.860 GC heap after
{Heap after GC invocations=9 (full 1):
 PSYoungGen      total 29696K, used 0K [0x00000000d5580000, 0x00000000d7a80000, 0x0000000100000000)
  eden space 24064K, 0% used [0x00000000d5580000,0x00000000d5580000,0x00000000d6d00000)
  from space 5632K, 0% used [0x00000000d7500000,0x00000000d7500000,0x00000000d7a80000)
  to   space 6144K, 0% used [0x00000000d6e80000,0x00000000d6e80000,0x00000000d7480000)
 ParOldGen       total 68608K, used 13456K [0x0000000080000000, 0x0000000084300000, 0x00000000d5580000)
  object space 68608K, 19% used [0x0000000080000000,0x0000000080d24260,0x0000000084300000)
 Metaspace       used 20795K, committed 21504K, reserved 1114112K
  class space    used 2130K, committed 2432K, reserved 1048576K
}
Event: 3.035 GC heap before
{Heap before GC invocations=10 (full 1):
 PSYoungGen      total 29696K, used 24064K [0x00000000d5580000, 0x00000000d7a80000, 0x0000000100000000)
  eden space 24064K, 100% used [0x00000000d5580000,0x00000000d6d00000,0x00000000d6d00000)
  from space 5632K, 0% used [0x00000000d7500000,0x00000000d7500000,0x00000000d7a80000)
  to   space 6144K, 0% used [0x00000000d6e80000,0x00000000d6e80000,0x00000000d7480000)
 ParOldGen       total 68608K, used 13456K [0x0000000080000000, 0x0000000084300000, 0x00000000d5580000)
  object space 68608K, 19% used [0x0000000080000000,0x0000000080d24260,0x0000000084300000)
 Metaspace       used 24569K, committed 25344K, reserved 1114112K
  class space    used 2418K, committed 2752K, reserved 1048576K
}
Event: 3.036 GC heap after
{Heap after GC invocations=10 (full 1):
 PSYoungGen      total 24064K, used 501K [0x00000000d5580000, 0x00000000d7580000, 0x0000000100000000)
  eden space 23552K, 0% used [0x00000000d5580000,0x00000000d5580000,0x00000000d6c80000)
  from space 512K, 97% used [0x00000000d6e80000,0x00000000d6efd460,0x00000000d6f00000)
  to   space 2560K, 0% used [0x00000000d7300000,0x00000000d7300000,0x00000000d7580000)
 ParOldGen       total 68608K, used 13464K [0x0000000080000000, 0x0000000084300000, 0x00000000d5580000)
  object space 68608K, 19% used [0x0000000080000000,0x0000000080d26260,0x0000000084300000)
 Metaspace       used 24569K, committed 25344K, reserved 1114112K
  class space    used 2418K, committed 2752K, reserved 1048576K
}
Event: 3.275 GC heap before
{Heap before GC invocations=11 (full 1):
 PSYoungGen      total 24064K, used 24053K [0x00000000d5580000, 0x00000000d7580000, 0x0000000100000000)
  eden space 23552K, 100% used [0x00000000d5580000,0x00000000d6c80000,0x00000000d6c80000)
  from space 512K, 97% used [0x00000000d6e80000,0x00000000d6efd460,0x00000000d6f00000)
  to   space 2560K, 0% used [0x00000000d7300000,0x00000000d7300000,0x00000000d7580000)
 ParOldGen       total 68608K, used 13464K [0x0000000080000000, 0x0000000084300000, 0x00000000d5580000)
  object space 68608K, 19% used [0x0000000080000000,0x0000000080d26260,0x0000000084300000)
 Metaspace       used 25897K, committed 26752K, reserved 1114112K
  class space    used 2517K, committed 2880K, reserved 1048576K
}
Event: 3.276 GC heap after
{Heap after GC invocations=11 (full 1):
 PSYoungGen      total 25600K, used 2545K [0x00000000d5580000, 0x00000000d7580000, 0x0000000100000000)
  eden space 23040K, 0% used [0x00000000d5580000,0x00000000d5580000,0x00000000d6c00000)
  from space 2560K, 99% used [0x00000000d7300000,0x00000000d757c408,0x00000000d7580000)
  to   space 3072K, 0% used [0x00000000d6f80000,0x00000000d6f80000,0x00000000d7280000)
 ParOldGen       total 68608K, used 13536K [0x0000000080000000, 0x0000000084300000, 0x00000000d5580000)
  object space 68608K, 19% used [0x0000000080000000,0x0000000080d38260,0x0000000084300000)
 Metaspace       used 25897K, committed 26752K, reserved 1114112K
  class space    used 2517K, committed 2880K, reserved 1048576K
}
Event: 3.886 GC heap before
{Heap before GC invocations=12 (full 1):
 PSYoungGen      total 25600K, used 25585K [0x00000000d5580000, 0x00000000d7580000, 0x0000000100000000)
  eden space 23040K, 100% used [0x00000000d5580000,0x00000000d6c00000,0x00000000d6c00000)
  from space 2560K, 99% used [0x00000000d7300000,0x00000000d757c408,0x00000000d7580000)
  to   space 3072K, 0% used [0x00000000d6f80000,0x00000000d6f80000,0x00000000d7280000)
 ParOldGen       total 68608K, used 13536K [0x0000000080000000, 0x0000000084300000, 0x00000000d5580000)
  object space 68608K, 19% used [0x0000000080000000,0x0000000080d38260,0x0000000084300000)
 Metaspace       used 29889K, committed 30912K, reserved 1114112K
  class space    used 2943K, committed 3392K, reserved 1048576K
}
Event: 3.888 GC heap after
{Heap after GC invocations=12 (full 1):
 PSYoungGen      total 25088K, used 2336K [0x00000000d5580000, 0x00000000d7380000, 0x0000000100000000)
  eden space 22528K, 0% used [0x00000000d5580000,0x00000000d5580000,0x00000000d6b80000)
  from space 2560K, 91% used [0x00000000d6f80000,0x00000000d71c8148,0x00000000d7200000)
  to   space 1536K, 0% used [0x00000000d7200000,0x00000000d7200000,0x00000000d7380000)
 ParOldGen       total 68608K, used 16063K [0x0000000080000000, 0x0000000084300000, 0x00000000d5580000)
  object space 68608K, 23% used [0x0000000080000000,0x0000000080fafeb0,0x0000000084300000)
 Metaspace       used 29889K, committed 30912K, reserved 1114112K
  class space    used 2943K, committed 3392K, reserved 1048576K
}
Event: 4.077 GC heap before
{Heap before GC invocations=13 (full 1):
 PSYoungGen      total 25088K, used 24860K [0x00000000d5580000, 0x00000000d7380000, 0x0000000100000000)
  eden space 22528K, 99% used [0x00000000d5580000,0x00000000d6b7f258,0x00000000d6b80000)
  from space 2560K, 91% used [0x00000000d6f80000,0x00000000d71c8148,0x00000000d7200000)
  to   space 1536K, 0% used [0x00000000d7200000,0x00000000d7200000,0x00000000d7380000)
 ParOldGen       total 68608K, used 16063K [0x0000000080000000, 0x0000000084300000, 0x00000000d5580000)
  object space 68608K, 23% used [0x0000000080000000,0x0000000080fafeb0,0x0000000084300000)
 Metaspace       used 33049K, committed 34112K, reserved 1114112K
  class space    used 3326K, committed 3776K, reserved 1048576K
}
Event: 4.079 GC heap after
{Heap after GC invocations=13 (full 1):
 PSYoungGen      total 23552K, used 1501K [0x00000000d5580000, 0x00000000d7380000, 0x0000000100000000)
  eden space 22016K, 0% used [0x00000000d5580000,0x00000000d5580000,0x00000000d6b00000)
  from space 1536K, 97% used [0x00000000d7200000,0x00000000d73777e0,0x00000000d7380000)
  to   space 2048K, 0% used [0x00000000d6f80000,0x00000000d6f80000,0x00000000d7180000)
 ParOldGen       total 68608K, used 17575K [0x0000000080000000, 0x0000000084300000, 0x00000000d5580000)
  object space 68608K, 25% used [0x0000000080000000,0x0000000081129f80,0x0000000084300000)
 Metaspace       used 33049K, committed 34112K, reserved 1114112K
  class space    used 3326K, committed 3776K, reserved 1048576K
}
Event: 4.216 GC heap before
{Heap before GC invocations=14 (full 1):
 PSYoungGen      total 23552K, used 18699K [0x00000000d5580000, 0x00000000d7380000, 0x0000000100000000)
  eden space 22016K, 78% used [0x00000000d5580000,0x00000000d664b760,0x00000000d6b00000)
  from space 1536K, 97% used [0x00000000d7200000,0x00000000d73777e0,0x00000000d7380000)
  to   space 2048K, 0% used [0x00000000d6f80000,0x00000000d6f80000,0x00000000d7180000)
 ParOldGen       total 68608K, used 17575K [0x0000000080000000, 0x0000000084300000, 0x00000000d5580000)
  object space 68608K, 25% used [0x0000000080000000,0x0000000081129f80,0x0000000084300000)
 Metaspace       used 34777K, committed 35840K, reserved 1114112K
  class space    used 3557K, committed 4032K, reserved 1048576K
}
Event: 4.218 GC heap after
{Heap after GC invocations=14 (full 1):
 PSYoungGen      total 24064K, used 1632K [0x00000000d5580000, 0x00000000d7280000, 0x0000000100000000)
  eden space 22016K, 0% used [0x00000000d5580000,0x00000000d5580000,0x00000000d6b00000)
  from space 2048K, 79% used [0x00000000d6f80000,0x00000000d7118000,0x00000000d7180000)
  to   space 1024K, 0% used [0x00000000d7180000,0x00000000d7180000,0x00000000d7280000)
 ParOldGen       total 68608K, used 18878K [0x0000000080000000, 0x0000000084300000, 0x00000000d5580000)
  object space 68608K, 27% used [0x0000000080000000,0x000000008126f820,0x0000000084300000)
 Metaspace       used 34777K, committed 35840K, reserved 1114112K
  class space    used 3557K, committed 4032K, reserved 1048576K
}
Event: 4.218 GC heap before
{Heap before GC invocations=15 (full 2):
 PSYoungGen      total 24064K, used 1632K [0x00000000d5580000, 0x00000000d7280000, 0x0000000100000000)
  eden space 22016K, 0% used [0x00000000d5580000,0x00000000d5580000,0x00000000d6b00000)
  from space 2048K, 79% used [0x00000000d6f80000,0x00000000d7118000,0x00000000d7180000)
  to   space 1024K, 0% used [0x00000000d7180000,0x00000000d7180000,0x00000000d7280000)
 ParOldGen       total 68608K, used 18878K [0x0000000080000000, 0x0000000084300000, 0x00000000d5580000)
  object space 68608K, 27% used [0x0000000080000000,0x000000008126f820,0x0000000084300000)
 Metaspace       used 34777K, committed 35840K, reserved 1114112K
  class space    used 3557K, committed 4032K, reserved 1048576K
}
Event: 4.245 GC heap after
{Heap after GC invocations=15 (full 2):
 PSYoungGen      total 24064K, used 0K [0x00000000d5580000, 0x00000000d7280000, 0x0000000100000000)
  eden space 22016K, 0% used [0x00000000d5580000,0x00000000d5580000,0x00000000d6b00000)
  from space 2048K, 0% used [0x00000000d6f80000,0x00000000d6f80000,0x00000000d7180000)
  to   space 1024K, 0% used [0x00000000d7180000,0x00000000d7180000,0x00000000d7280000)
 ParOldGen       total 68608K, used 18851K [0x0000000080000000, 0x0000000084300000, 0x00000000d5580000)
  object space 68608K, 27% used [0x0000000080000000,0x0000000081268c88,0x0000000084300000)
 Metaspace       used 34777K, committed 35840K, reserved 1114112K
  class space    used 3557K, committed 4032K, reserved 1048576K
}

